<?xml version="1.0"?><coverage lines-covered="3028" lines-valid="9343" line-rate="0.3240929037782297" branches-covered="0" branches-valid="0" branch-rate="0" complexity="0" version="1.9" timestamp="1785521915"><sources><source>C:\Users\micha\repos\airframe-workspace\airframe</source></sources><packages><package name="crates\console\src" line-rate="0" branch-rate="0" complexity="0"><classes></classes></package><package name="crates\console\src\commands" line-rate="0" branch-rate="0" complexity="0"><classes><class name="chat" filename="crates\console\src\commands\chat.rs" line-rate="0" branch-rate="0" complexity="0"><methods/><lines><line number="220" hits="0"/><line number="221" hits="0"/><line number="224" hits="0"/><line number="225" hits="0"/><line number="227" hits="0"/><line number="228" hits="0"/><line number="229" hits="0"/><line number="230" hits="0"/><line number="232" hits="0"/><line number="233" hits="0"/><line number="236" hits="0"/><line number="237" hits="0"/><line number="239" hits="0"/><line number="240" hits="0"/><line number="243" hits="0"/><line number="246" hits="0"/><line number="248" hits="0"/><line number="249" hits="0"/><line number="251" hits="0"/><line number="252" hits="0"/><line number="254" hits="0"/><line number="256" hits="0"/><line number="259" hits="0"/><line number="260" hits="0"/><line number="261" hits="0"/><line number="267" hits="0"/><line number="270" hits="0"/><line number="271" hits="0"/><line number="275" hits="0"/><line number="278" hits="0"/><line number="279" hits="0"/><line number="280" hits="0"/><line number="281" hits="0"/><line number="284" hits="0"/><line number="285" hits="0"/><line number="288" hits="0"/><line number="289" hits="0"/><line number="290" hits="0"/><line number="291" hits="0"/><line number="294" hits="0"/><line number="295" hits="0"/><line number="297" hits="0"/><line number="299" hits="0"/><line number="300" hits="0"/><line number="302" hits="0"/><line number="303" hits="0"/><line number="305" hits="0"/><line number="306" hits="0"/><line number="307" hits="0"/><line number="309" hits="0"/><line number="310" hits="0"/><line number="311" hits="0"/><line number="312" hits="0"/><line number="314" hits="0"/><line number="315" hits="0"/><line number="317" hits="0"/><line number="318" hits="0"/><line number="319" hits="0"/><line number="323" hits="0"/></lines></class></classes></package><package name="crates\candle_probe\target\debug\build\serde-efc57df6207a3290\out" line-rate="0" branch-rate="0" complexity="0"><classes></classes></package><package name="crates\candle_probe\target\release\build\pulp-5a874b8518c7be0d\out" line-rate="0" branch-rate="0" complexity="0"><classes></classes></package><package name="crates\console\src\discovery" line-rate="0" branch-rate="0" complexity="0"><classes></classes></package><package name="crates\candle_probe\target\release\build\thiserror-e08e9363d7ede3cc\out" line-rate="0" branch-rate="0" complexity="0"><classes></classes></package><package name="recovery\from_8c60191_parent" line-rate="0" branch-rate="0" complexity="0"><classes></classes></package><package name="crates\console\target\debug\build\glutin_wgl_sys-1947efa9a66953dd\out" line-rate="0" branch-rate="0" complexity="0"><classes><class name="wgl_extra_bindings" filename="crates\console\target\debug\build\glutin_wgl_sys-1947efa9a66953dd\out\wgl_extra_bindings.rs" line-rate="0" branch-rate="0" complexity="0"><methods/><lines><line number="403" hits="0"/><line number="404" hits="0"/><line number="409" hits="0"/><line number="410" hits="0"/><line number="461" hits="0"/><line number="465" hits="0"/><line number="466" hits="0"/><line number="467" hits="0"/><line number="468" hits="0"/><line number="469" hits="0"/><line number="472" hits="0"/><line number="474" hits="0"/><line number="475" hits="0"/><line number="478" hits="0"/><line number="479" hits="0"/><line number="480" hits="0"/><line number="481" hits="0"/><line number="482" hits="0"/><line number="483" hits="0"/><line number="484" hits="0"/><line number="485" hits="0"/><line number="486" hits="0"/><line number="487" hits="0"/><line number="488" hits="0"/><line number="489" hits="0"/><line number="490" hits="0"/><line number="491" hits="0"/><line number="492" hits="0"/><line number="493" hits="0"/><line number="494" hits="0"/><line number="495" hits="0"/><line number="496" hits="0"/><line number="497" hits="0"/><line number="498" hits="0"/><line number="499" hits="0"/><line number="500" hits="0"/><line number="501" hits="0"/><line number="502" hits="0"/><line number="503" hits="0"/><line number="504" hits="0"/><line number="505" hits="0"/><line number="506" hits="0"/><line number="507" hits="0"/><line number="508" hits="0"/><line number="509" hits="0"/><line number="510" hits="0"/><line number="511" hits="0"/></lines></class></classes></package><package name="src\backend\bindless\pipeline" line-rate="0.2594210813762971" branch-rate="0" complexity="0"><classes><class name="dequant" filename="src\backend\bindless\pipeline\dequant.rs" line-rate="0.2727272727272727" branch-rate="0" complexity="0"><methods/><lines><line number="8" hits="72057594037927936"/><line number="14" hits="72057594037927936"/><line number="17" hits="288230376151711744"/><line number="18" hits="72057594037927936"/><line number="19" hits="72057594037927936"/><line number="20" hits="72057594037927936"/><line number="21" hits="72057594037927936"/><line number="25" hits="288230376151711744"/><line number="26" hits="144115188075855872"/><line number="27" hits="144115188075855872"/><line number="28" hits="72057594037927936"/><line number="29" hits="144115188075855872"/><line number="30" hits="144115188075855872"/><line number="31" hits="144115188075855872"/><line number="33" hits="72057594037927936"/><line number="34" hits="72057594037927936"/><line number="35" hits="72057594037927936"/><line number="41" hits="72057594037927936"/><line number="42" hits="216172782113783808"/><line number="44" hits="360287970189639680"/><line number="45" hits="144115188075855872"/><line number="46" hits="144115188075855872"/><line number="48" hits="288230376151711744"/><line number="49" hits="360287970189639680"/><line number="50" hits="72057594037927936"/><line number="54" hits="288230376151711744"/><line number="55" hits="72057594037927936"/><line number="56" hits="72057594037927936"/><line number="57" hits="72057594037927936"/><line number="58" hits="72057594037927936"/><line number="61" hits="288230376151711744"/><line number="64" hits="216172782113783808"/><line number="67" hits="288230376151711744"/><line number="68" hits="216172782113783808"/><line number="69" hits="504403158265495552"/><line number="73" hits="72057594037927936"/><line number="74" hits="144115188075855872"/><line number="76" hits="144115188075855872"/><line number="77" hits="216172782113783808"/><line number="78" hits="72057594037927936"/><line number="82" hits="216172782113783808"/><line number="83" hits="288230376151711744"/><line number="85" hits="144115188075855872"/><line number="86" hits="144115188075855872"/><line number="88" hits="72057594037927936"/><line number="92" hits="72057594037927936"/><line number="98" hits="72057594037927936"/><line number="101" hits="144115188075855872"/><line number="102" hits="288230376151711744"/><line number="103" hits="144115188075855872"/><line number="104" hits="72057594037927936"/><line number="105" hits="72057594037927936"/><line number="106" hits="72057594037927936"/><line number="111" hits="216172782113783808"/><line number="112" hits="288230376151711744"/><line number="113" hits="144115188075855872"/><line number="114" hits="72057594037927936"/><line number="115" hits="72057594037927936"/><line number="118" hits="288230376151711744"/><line number="119" hits="144115188075855872"/><line number="120" hits="144115188075855872"/><line number="121" hits="72057594037927936"/><line number="122" hits="144115188075855872"/><line number="123" hits="144115188075855872"/><line number="124" hits="144115188075855872"/><line number="126" hits="144115188075855872"/><line number="127" hits="144115188075855872"/><line number="128" hits="144115188075855872"/><line number="130" hits="72057594037927936"/><line number="131" hits="72057594037927936"/><line number="132" hits="72057594037927936"/><line number="137" hits="72057594037927936"/><line number="138" hits="216172782113783808"/><line number="140" hits="360287970189639680"/><line number="141" hits="144115188075855872"/><line number="142" hits="144115188075855872"/><line number="144" hits="288230376151711744"/><line number="145" hits="360287970189639680"/><line number="146" hits="72057594037927936"/><line number="149" hits="288230376151711744"/><line number="150" hits="144115188075855872"/><line number="151" hits="72057594037927936"/><line number="152" hits="72057594037927936"/><line number="153" hits="72057594037927936"/><line number="156" hits="360287970189639680"/><line number="157" hits="216172782113783808"/><line number="159" hits="288230376151711744"/><line number="160" hits="216172782113783808"/><line number="161" hits="504403158265495552"/><line number="164" hits="72057594037927936"/><line number="165" hits="144115188075855872"/><line number="167" hits="144115188075855872"/><line number="168" hits="216172782113783808"/><line number="169" hits="72057594037927936"/><line number="173" hits="216172782113783808"/><line number="174" hits="288230376151711744"/><line number="176" hits="144115188075855872"/><line number="177" hits="144115188075855872"/><line number="179" hits="72057594037927936"/><line number="183" hits="0"/><line number="198" hits="0"/><line number="199" hits="0"/><line number="200" hits="0"/><line number="201" hits="0"/><line number="205" hits="0"/><line number="206" hits="0"/><line number="207" hits="0"/><line number="208" hits="0"/><line number="209" hits="0"/><line number="210" hits="0"/><line number="213" hits="0"/><line number="214" hits="0"/><line number="215" hits="0"/><line number="216" hits="0"/><line number="217" hits="0"/><line number="218" hits="0"/><line number="219" hits="0"/><line number="221" hits="0"/><line number="222" hits="0"/><line number="223" hits="0"/><line number="225" hits="0"/><line number="226" hits="0"/><line number="227" hits="0"/><line number="232" hits="0"/><line number="233" hits="0"/><line number="235" hits="0"/><line number="236" hits="0"/><line number="237" hits="0"/><line number="239" hits="0"/><line number="240" hits="0"/><line number="241" hits="0"/><line number="242" hits="0"/><line number="246" hits="0"/><line number="247" hits="0"/><line number="248" hits="0"/><line number="249" hits="0"/><line number="250" hits="0"/><line number="253" hits="0"/><line number="254" hits="0"/><line number="256" hits="0"/><line number="257" hits="0"/><line number="258" hits="0"/><line number="260" hits="0"/><line number="261" hits="0"/><line number="263" hits="0"/><line number="264" hits="0"/><line number="265" hits="0"/><line number="269" hits="0"/><line number="270" hits="0"/><line number="271" hits="0"/><line number="279" hits="0"/><line number="291" hits="0"/><line number="292" hits="0"/><line number="293" hits="0"/><line number="294" hits="0"/><line number="295" hits="0"/><line number="296" hits="0"/><line number="297" hits="0"/><line number="298" hits="0"/><line number="300" hits="0"/><line number="301" hits="0"/><line number="302" hits="0"/><line number="303" hits="0"/><line number="304" hits="0"/><line number="305" hits="0"/><line number="306" hits="0"/><line number="308" hits="0"/><line number="309" hits="0"/><line number="310" hits="0"/><line number="311" hits="0"/><line number="314" hits="0"/><line number="315" hits="0"/><line number="316" hits="0"/><line number="317" hits="0"/><line number="318" hits="0"/><line number="320" hits="0"/><line number="332" hits="0"/><line number="343" hits="0"/><line number="345" hits="0"/><line number="348" hits="0"/><line number="349" hits="0"/><line number="350" hits="0"/><line number="351" hits="0"/><line number="355" hits="0"/><line number="357" hits="0"/><line number="358" hits="0"/><line number="360" hits="0"/><line number="361" hits="0"/><line number="362" hits="0"/><line number="363" hits="0"/><line number="365" hits="0"/><line number="366" hits="0"/><line number="367" hits="0"/><line number="368" hits="0"/><line number="369" hits="0"/><line number="371" hits="0"/><line number="372" hits="0"/><line number="373" hits="0"/><line number="374" hits="0"/><line number="375" hits="0"/><line number="376" hits="0"/><line number="378" hits="0"/><line number="379" hits="0"/><line number="380" hits="0"/><line number="381" hits="0"/><line number="382" hits="0"/><line number="383" hits="0"/><line number="384" hits="0"/><line number="386" hits="0"/><line number="387" hits="0"/><line number="388" hits="0"/><line number="390" hits="0"/><line number="391" hits="0"/><line number="392" hits="0"/><line number="394" hits="0"/><line number="395" hits="0"/><line number="396" hits="0"/><line number="398" hits="0"/><line number="399" hits="0"/><line number="400" hits="0"/><line number="404" hits="0"/><line number="405" hits="0"/><line number="407" hits="0"/><line number="408" hits="0"/><line number="409" hits="0"/><line number="411" hits="0"/><line number="412" hits="0"/><line number="413" hits="0"/><line number="415" hits="0"/><line number="416" hits="0"/><line number="417" hits="0"/><line number="418" hits="0"/><line number="419" hits="0"/><line number="421" hits="0"/><line number="422" hits="0"/><line number="423" hits="0"/><line number="424" hits="0"/><line number="425" hits="0"/><line number="427" hits="0"/><line number="428" hits="0"/><line number="429" hits="0"/><line number="430" hits="0"/><line number="433" hits="0"/><line number="434" hits="0"/><line number="435" hits="0"/><line number="436" hits="0"/><line number="437" hits="0"/><line number="447" hits="0"/><line number="458" hits="0"/><line number="460" hits="0"/><line number="463" hits="0"/><line number="464" hits="0"/><line number="465" hits="0"/><line number="466" hits="0"/><line number="469" hits="0"/><line number="470" hits="0"/><line number="471" hits="0"/><line number="472" hits="0"/><line number="473" hits="0"/><line number="474" hits="0"/><line number="478" hits="0"/><line number="479" hits="0"/><line number="480" hits="0"/><line number="481" hits="0"/><line number="482" hits="0"/><line number="483" hits="0"/><line number="484" hits="0"/><line number="485" hits="0"/><line number="486" hits="0"/><line number="487" hits="0"/><line number="489" hits="0"/><line number="491" hits="0"/><line number="492" hits="0"/><line number="493" hits="0"/><line number="494" hits="0"/><line number="495" hits="0"/><line number="496" hits="0"/><line number="497" hits="0"/><line number="499" hits="0"/><line number="501" hits="0"/><line number="502" hits="0"/><line number="503" hits="0"/><line number="504" hits="0"/><line number="505" hits="0"/><line number="506" hits="0"/><line number="507" hits="0"/><line number="509" hits="0"/><line number="511" hits="0"/><line number="512" hits="0"/><line number="513" hits="0"/><line number="514" hits="0"/><line number="515" hits="0"/><line number="516" hits="0"/><line number="517" hits="0"/><line number="519" hits="0"/><line number="521" hits="0"/><line number="522" hits="0"/><line number="523" hits="0"/><line number="524" hits="0"/><line number="525" hits="0"/><line number="526" hits="0"/><line number="527" hits="0"/><line number="529" hits="0"/><line number="534" hits="0"/><line number="535" hits="0"/><line number="536" hits="0"/><line number="537" hits="0"/><line number="539" hits="0"/><line number="540" hits="0"/><line number="541" hits="0"/><line number="542" hits="0"/><line number="544" hits="0"/><line number="545" hits="0"/><line number="546" hits="0"/><line number="547" hits="0"/><line number="548" hits="0"/><line number="549" hits="0"/><line number="550" hits="0"/><line number="553" hits="0"/><line number="554" hits="0"/><line number="555" hits="0"/><line number="556" hits="0"/><line number="557" hits="0"/><line number="558" hits="0"/><line number="559" hits="0"/><line number="561" hits="0"/><line number="562" hits="0"/><line number="563" hits="0"/><line number="565" hits="0"/><line number="566" hits="0"/><line number="567" hits="0"/><line number="569" hits="0"/><line number="570" hits="0"/><line number="571" hits="0"/><line number="573" hits="0"/><line number="574" hits="0"/><line number="575" hits="0"/><line number="580" hits="0"/><line number="581" hits="0"/><line number="583" hits="0"/><line number="584" hits="0"/><line number="585" hits="0"/><line number="587" hits="0"/><line number="588" hits="0"/><line number="589" hits="0"/><line number="590" hits="0"/><line number="593" hits="0"/><line number="594" hits="0"/><line number="595" hits="0"/><line number="596" hits="0"/><line number="597" hits="0"/><line number="599" hits="0"/><line number="600" hits="0"/><line number="602" hits="0"/><line number="603" hits="0"/><line number="604" hits="0"/><line number="606" hits="0"/><line number="607" hits="0"/><line number="609" hits="0"/><line number="610" hits="0"/><line number="611" hits="0"/><line number="615" hits="0"/><line number="616" hits="0"/></lines></class><class name="inference" filename="src\backend\bindless\pipeline\inference.rs" line-rate="0" branch-rate="0" complexity="0"><methods/><lines><line number="36" hits="0"/><line number="40" hits="0"/><line number="46" hits="0"/><line number="48" hits="0"/><line number="54" hits="0"/><line number="56" hits="0"/><line number="92" hits="0"/><line number="94" hits="0"/><line number="99" hits="0"/><line number="101" hits="0"/><line number="106" hits="0"/><line number="107" hits="0"/><line number="140" hits="0"/><line number="142" hits="0"/><line number="147" hits="0"/><line number="149" hits="0"/><line number="154" hits="0"/><line number="155" hits="0"/><line number="161" hits="0"/><line number="162" hits="0"/><line number="163" hits="0"/><line number="166" hits="0"/><line number="168" hits="0"/><line number="169" hits="0"/><line number="170" hits="0"/><line number="171" hits="0"/><line number="177" hits="0"/><line number="192" hits="0"/><line number="193" hits="0"/><line number="194" hits="0"/><line number="195" hits="0"/><line number="197" hits="0"/><line number="198" hits="0"/><line number="200" hits="0"/><line number="201" hits="0"/><line number="202" hits="0"/><line number="203" hits="0"/><line number="204" hits="0"/><line number="205" hits="0"/><line number="207" hits="0"/><line number="208" hits="0"/><line number="209" hits="0"/><line number="210" hits="0"/><line number="213" hits="0"/><line number="214" hits="0"/><line number="215" hits="0"/><line number="216" hits="0"/><line number="217" hits="0"/><line number="218" hits="0"/><line number="221" hits="0"/><line number="222" hits="0"/><line number="223" hits="0"/><line number="224" hits="0"/><line number="225" hits="0"/><line number="226" hits="0"/><line number="227" hits="0"/><line number="229" hits="0"/><line number="231" hits="0"/><line number="232" hits="0"/><line number="233" hits="0"/><line number="234" hits="0"/><line number="235" hits="0"/><line number="236" hits="0"/><line number="237" hits="0"/><line number="238" hits="0"/><line number="239" hits="0"/><line number="240" hits="0"/><line number="241" hits="0"/><line number="242" hits="0"/><line number="243" hits="0"/><line number="246" hits="0"/><line number="247" hits="0"/><line number="248" hits="0"/><line number="249" hits="0"/><line number="252" hits="0"/><line number="257" hits="0"/><line number="259" hits="0"/><line number="261" hits="0"/><line number="262" hits="0"/><line number="263" hits="0"/><line number="281" hits="0"/><line number="283" hits="0"/><line number="284" hits="0"/><line number="285" hits="0"/><line number="286" hits="0"/><line number="287" hits="0"/><line number="288" hits="0"/><line number="289" hits="0"/><line number="290" hits="0"/><line number="301" hits="0"/><line number="313" hits="0"/><line number="314" hits="0"/><line number="316" hits="0"/><line number="317" hits="0"/><line number="319" hits="0"/><line number="321" hits="0"/><line number="322" hits="0"/><line number="323" hits="0"/><line number="325" hits="0"/><line number="326" hits="0"/><line number="328" hits="0"/><line number="329" hits="0"/><line number="330" hits="0"/><line number="331" hits="0"/><line number="333" hits="0"/><line number="334" hits="0"/><line number="335" hits="0"/><line number="336" hits="0"/><line number="339" hits="0"/><line number="340" hits="0"/><line number="342" hits="0"/><line number="343" hits="0"/><line number="344" hits="0"/><line number="347" hits="0"/><line number="348" hits="0"/><line number="349" hits="0"/><line number="350" hits="0"/><line number="351" hits="0"/><line number="352" hits="0"/><line number="353" hits="0"/><line number="354" hits="0"/><line number="355" hits="0"/><line number="356" hits="0"/><line number="357" hits="0"/><line number="358" hits="0"/><line number="359" hits="0"/><line number="362" hits="0"/><line number="363" hits="0"/><line number="364" hits="0"/><line number="365" hits="0"/><line number="366" hits="0"/><line number="367" hits="0"/><line number="368" hits="0"/><line number="369" hits="0"/><line number="370" hits="0"/><line number="373" hits="0"/><line number="374" hits="0"/><line number="383" hits="0"/><line number="393" hits="0"/><line number="394" hits="0"/><line number="395" hits="0"/><line number="397" hits="0"/><line number="399" hits="0"/><line number="400" hits="0"/><line number="401" hits="0"/><line number="403" hits="0"/><line number="404" hits="0"/><line number="405" hits="0"/><line number="406" hits="0"/><line number="407" hits="0"/><line number="408" hits="0"/><line number="409" hits="0"/><line number="410" hits="0"/><line number="411" hits="0"/><line number="412" hits="0"/><line number="413" hits="0"/><line number="414" hits="0"/><line number="415" hits="0"/><line number="416" hits="0"/><line number="417" hits="0"/><line number="422" hits="0"/><line number="431" hits="0"/><line number="432" hits="0"/><line number="433" hits="0"/><line number="434" hits="0"/><line number="435" hits="0"/><line number="436" hits="0"/><line number="439" hits="0"/><line number="444" hits="0"/><line number="455" hits="0"/><line number="456" hits="0"/><line number="457" hits="0"/><line number="458" hits="0"/><line number="459" hits="0"/><line number="460" hits="0"/><line number="461" hits="0"/><line number="462" hits="0"/><line number="463" hits="0"/><line number="464" hits="0"/><line number="466" hits="0"/><line number="467" hits="0"/><line number="471" hits="0"/><line number="483" hits="0"/><line number="484" hits="0"/><line number="485" hits="0"/><line number="486" hits="0"/><line number="489" hits="0"/><line number="491" hits="0"/><line number="492" hits="0"/><line number="495" hits="0"/><line number="496" hits="0"/><line number="497" hits="0"/><line number="498" hits="0"/><line number="499" hits="0"/><line number="500" hits="0"/><line number="501" hits="0"/><line number="502" hits="0"/><line number="503" hits="0"/><line number="504" hits="0"/><line number="505" hits="0"/><line number="506" hits="0"/><line number="511" hits="0"/><line number="512" hits="0"/><line number="513" hits="0"/><line number="515" hits="0"/><line number="516" hits="0"/><line number="517" hits="0"/><line number="518" hits="0"/><line number="520" hits="0"/><line number="521" hits="0"/><line number="522" hits="0"/><line number="523" hits="0"/><line number="527" hits="0"/><line number="528" hits="0"/><line number="529" hits="0"/><line number="530" hits="0"/><line number="531" hits="0"/><line number="532" hits="0"/><line number="533" hits="0"/><line number="534" hits="0"/><line number="535" hits="0"/><line number="536" hits="0"/><line number="539" hits="0"/><line number="540" hits="0"/><line number="543" hits="0"/><line number="546" hits="0"/><line number="550" hits="0"/><line number="563" hits="0"/><line number="564" hits="0"/><line number="565" hits="0"/><line number="566" hits="0"/><line number="567" hits="0"/><line number="571" hits="0"/><line number="572" hits="0"/><line number="575" hits="0"/><line number="576" hits="0"/><line number="579" hits="0"/><line number="580" hits="0"/><line number="582" hits="0"/><line number="583" hits="0"/><line number="584" hits="0"/><line number="586" hits="0"/><line number="587" hits="0"/><line number="588" hits="0"/><line number="591" hits="0"/><line number="593" hits="0"/><line number="594" hits="0"/><line number="595" hits="0"/><line number="596" hits="0"/><line number="597" hits="0"/><line number="598" hits="0"/><line number="605" hits="0"/><line number="606" hits="0"/><line number="607" hits="0"/><line number="608" hits="0"/><line number="609" hits="0"/><line number="610" hits="0"/><line number="611" hits="0"/><line number="615" hits="0"/><line number="616" hits="0"/><line number="617" hits="0"/><line number="618" hits="0"/><line number="619" hits="0"/><line number="625" hits="0"/><line number="626" hits="0"/><line number="627" hits="0"/><line number="628" hits="0"/><line number="629" hits="0"/><line number="630" hits="0"/><line number="631" hits="0"/><line number="632" hits="0"/><line number="638" hits="0"/><line number="639" hits="0"/><line number="641" hits="0"/><line number="642" hits="0"/><line number="643" hits="0"/><line number="646" hits="0"/><line number="648" hits="0"/><line number="649" hits="0"/><line number="650" hits="0"/><line number="652" hits="0"/><line number="653" hits="0"/><line number="657" hits="0"/><line number="658" hits="0"/><line number="659" hits="0"/><line number="660" hits="0"/><line number="661" hits="0"/><line number="670" hits="0"/><line number="671" hits="0"/><line number="672" hits="0"/><line number="673" hits="0"/><line number="692" hits="0"/><line number="694" hits="0"/><line number="696" hits="0"/><line number="706" hits="0"/><line number="707" hits="0"/><line number="708" hits="0"/><line number="715" hits="0"/><line number="716" hits="0"/><line number="717" hits="0"/><line number="718" hits="0"/><line number="719" hits="0"/><line number="722" hits="0"/><line number="723" hits="0"/><line number="724" hits="0"/><line number="725" hits="0"/><line number="726" hits="0"/><line number="729" hits="0"/><line number="730" hits="0"/><line number="731" hits="0"/><line number="732" hits="0"/><line number="733" hits="0"/><line number="737" hits="0"/><line number="738" hits="0"/><line number="739" hits="0"/><line number="740" hits="0"/><line number="741" hits="0"/><line number="742" hits="0"/><line number="744" hits="0"/><line number="745" hits="0"/><line number="746" hits="0"/><line number="747" hits="0"/><line number="748" hits="0"/><line number="755" hits="0"/><line number="756" hits="0"/><line number="757" hits="0"/><line number="758" hits="0"/><line number="759" hits="0"/><line number="760" hits="0"/><line number="761" hits="0"/><line number="762" hits="0"/><line number="763" hits="0"/><line number="766" hits="0"/><line number="767" hits="0"/><line number="768" hits="0"/><line number="769" hits="0"/><line number="770" hits="0"/><line number="773" hits="0"/><line number="775" hits="0"/><line number="777" hits="0"/><line number="784" hits="0"/><line number="792" hits="0"/><line number="793" hits="0"/><line number="794" hits="0"/><line number="795" hits="0"/><line number="802" hits="0"/><line number="803" hits="0"/><line number="804" hits="0"/><line number="805" hits="0"/><line number="806" hits="0"/><line number="808" hits="0"/><line number="809" hits="0"/><line number="810" hits="0"/><line number="811" hits="0"/><line number="812" hits="0"/><line number="813" hits="0"/><line number="814" hits="0"/><line number="815" hits="0"/><line number="816" hits="0"/><line number="817" hits="0"/><line number="819" hits="0"/><line number="820" hits="0"/><line number="824" hits="0"/><line number="825" hits="0"/><line number="826" hits="0"/><line number="827" hits="0"/><line number="828" hits="0"/><line number="829" hits="0"/><line number="830" hits="0"/><line number="831" hits="0"/><line number="832" hits="0"/><line number="833" hits="0"/><line number="834" hits="0"/><line number="835" hits="0"/><line number="838" hits="0"/><line number="839" hits="0"/><line number="840" hits="0"/><line number="841" hits="0"/><line number="843" hits="0"/><line number="844" hits="0"/><line number="845" hits="0"/><line number="846" hits="0"/><line number="849" hits="0"/><line number="850" hits="0"/><line number="851" hits="0"/><line number="853" hits="0"/><line number="854" hits="0"/><line number="855" hits="0"/><line number="856" hits="0"/><line number="859" hits="0"/><line number="860" hits="0"/><line number="861" hits="0"/><line number="862" hits="0"/><line number="867" hits="0"/><line number="868" hits="0"/><line number="869" hits="0"/><line number="870" hits="0"/><line number="871" hits="0"/><line number="872" hits="0"/><line number="873" hits="0"/><line number="874" hits="0"/><line number="876" hits="0"/><line number="877" hits="0"/><line number="878" hits="0"/><line number="880" hits="0"/><line number="881" hits="0"/><line number="882" hits="0"/><line number="884" hits="0"/><line number="885" hits="0"/><line number="886" hits="0"/><line number="888" hits="0"/><line number="889" hits="0"/><line number="890" hits="0"/><line number="892" hits="0"/><line number="893" hits="0"/><line number="894" hits="0"/><line number="895" hits="0"/><line number="896" hits="0"/><line number="897" hits="0"/><line number="898" hits="0"/><line number="899" hits="0"/><line number="901" hits="0"/><line number="902" hits="0"/><line number="903" hits="0"/><line number="904" hits="0"/><line number="905" hits="0"/><line number="906" hits="0"/><line number="907" hits="0"/><line number="908" hits="0"/><line number="910" hits="0"/><line number="911" hits="0"/><line number="912" hits="0"/><line number="914" hits="0"/><line number="915" hits="0"/><line number="916" hits="0"/><line number="918" hits="0"/><line number="919" hits="0"/><line number="920" hits="0"/><line number="922" hits="0"/><line number="923" hits="0"/><line number="924" hits="0"/><line number="926" hits="0"/><line number="927" hits="0"/><line number="928" hits="0"/><line number="935" hits="0"/><line number="938" hits="0"/><line number="939" hits="0"/><line number="940" hits="0"/><line number="943" hits="0"/><line number="944" hits="0"/><line number="945" hits="0"/><line number="946" hits="0"/><line number="962" hits="0"/><line number="963" hits="0"/><line number="964" hits="0"/><line number="966" hits="0"/><line number="967" hits="0"/><line number="968" hits="0"/><line number="969" hits="0"/><line number="970" hits="0"/><line number="971" hits="0"/><line number="973" hits="0"/><line number="974" hits="0"/><line number="975" hits="0"/><line number="976" hits="0"/><line number="978" hits="0"/><line number="980" hits="0"/><line number="981" hits="0"/><line number="983" hits="0"/><line number="984" hits="0"/><line number="985" hits="0"/><line number="991" hits="0"/><line number="992" hits="0"/><line number="993" hits="0"/><line number="994" hits="0"/><line number="995" hits="0"/><line number="997" hits="0"/><line number="998" hits="0"/><line number="999" hits="0"/><line number="1000" hits="0"/><line number="1001" hits="0"/><line number="1002" hits="0"/><line number="1003" hits="0"/><line number="1005" hits="0"/><line number="1006" hits="0"/><line number="1007" hits="0"/><line number="1009" hits="0"/><line number="1010" hits="0"/><line number="1011" hits="0"/><line number="1013" hits="0"/><line number="1014" hits="0"/><line number="1015" hits="0"/><line number="1017" hits="0"/><line number="1018" hits="0"/><line number="1019" hits="0"/><line number="1021" hits="0"/><line number="1022" hits="0"/><line number="1023" hits="0"/><line number="1024" hits="0"/><line number="1025" hits="0"/><line number="1026" hits="0"/><line number="1027" hits="0"/><line number="1028" hits="0"/><line number="1030" hits="0"/><line number="1031" hits="0"/><line number="1032" hits="0"/><line number="1033" hits="0"/><line number="1034" hits="0"/><line number="1035" hits="0"/><line number="1036" hits="0"/><line number="1037" hits="0"/><line number="1039" hits="0"/><line number="1040" hits="0"/><line number="1041" hits="0"/><line number="1043" hits="0"/><line number="1044" hits="0"/><line number="1045" hits="0"/><line number="1047" hits="0"/><line number="1048" hits="0"/><line number="1049" hits="0"/><line number="1051" hits="0"/><line number="1052" hits="0"/><line number="1053" hits="0"/><line number="1055" hits="0"/><line number="1056" hits="0"/><line number="1057" hits="0"/><line number="1061" hits="0"/><line number="1062" hits="0"/><line number="1063" hits="0"/><line number="1065" hits="0"/><line number="1066" hits="0"/><line number="1067" hits="0"/><line number="1071" hits="0"/><line number="1072" hits="0"/><line number="1075" hits="0"/><line number="1076" hits="0"/><line number="1078" hits="0"/><line number="1082" hits="0"/><line number="1084" hits="0"/><line number="1085" hits="0"/><line number="1091" hits="0"/><line number="1092" hits="0"/><line number="1093" hits="0"/><line number="1094" hits="0"/><line number="1098" hits="0"/><line number="1099" hits="0"/><line number="1101" hits="0"/><line number="1102" hits="0"/><line number="1103" hits="0"/><line number="1104" hits="0"/><line number="1105" hits="0"/><line number="1106" hits="0"/><line number="1107" hits="0"/><line number="1109" hits="0"/><line number="1110" hits="0"/><line number="1111" hits="0"/><line number="1112" hits="0"/><line number="1113" hits="0"/><line number="1114" hits="0"/><line number="1119" hits="0"/><line number="1120" hits="0"/><line number="1121" hits="0"/><line number="1122" hits="0"/><line number="1123" hits="0"/><line number="1124" hits="0"/><line number="1127" hits="0"/><line number="1128" hits="0"/><line number="1129" hits="0"/><line number="1131" hits="0"/><line number="1132" hits="0"/><line number="1133" hits="0"/><line number="1135" hits="0"/><line number="1136" hits="0"/><line number="1137" hits="0"/><line number="1146" hits="0"/><line number="1147" hits="0"/><line number="1149" hits="0"/><line number="1151" hits="0"/><line number="1152" hits="0"/><line number="1153" hits="0"/><line number="1154" hits="0"/><line number="1155" hits="0"/><line number="1156" hits="0"/><line number="1157" hits="0"/><line number="1158" hits="0"/><line number="1160" hits="0"/><line number="1161" hits="0"/><line number="1162" hits="0"/><line number="1170" hits="0"/><line number="1178" hits="0"/><line number="1179" hits="0"/><line number="1180" hits="0"/><line number="1181" hits="0"/><line number="1183" hits="0"/><line number="1184" hits="0"/><line number="1185" hits="0"/><line number="1186" hits="0"/><line number="1187" hits="0"/><line number="1188" hits="0"/><line number="1189" hits="0"/><line number="1191" hits="0"/><line number="1192" hits="0"/><line number="1193" hits="0"/><line number="1194" hits="0"/><line number="1195" hits="0"/><line number="1196" hits="0"/><line number="1199" hits="0"/><line number="1200" hits="0"/><line number="1201" hits="0"/><line number="1203" hits="0"/><line number="1204" hits="0"/><line number="1205" hits="0"/><line number="1215" hits="0"/><line number="1216" hits="0"/><line number="1220" hits="0"/><line number="1221" hits="0"/><line number="1222" hits="0"/><line number="1223" hits="0"/><line number="1225" hits="0"/><line number="1226" hits="0"/><line number="1227" hits="0"/><line number="1228" hits="0"/><line number="1229" hits="0"/><line number="1230" hits="0"/><line number="1231" hits="0"/><line number="1233" hits="0"/><line number="1234" hits="0"/><line number="1235" hits="0"/><line number="1236" hits="0"/><line number="1237" hits="0"/><line number="1238" hits="0"/><line number="1241" hits="0"/><line number="1242" hits="0"/><line number="1243" hits="0"/><line number="1245" hits="0"/><line number="1246" hits="0"/><line number="1247" hits="0"/><line number="1249" hits="0"/><line number="1250" hits="0"/><line number="1251" hits="0"/><line number="1253" hits="0"/><line number="1254" hits="0"/><line number="1255" hits="0"/><line number="1264" hits="0"/><line number="1265" hits="0"/><line number="1266" hits="0"/><line number="1267" hits="0"/><line number="1269" hits="0"/><line number="1272" hits="0"/><line number="1273" hits="0"/><line number="1274" hits="0"/><line number="1275" hits="0"/><line number="1276" hits="0"/><line number="1277" hits="0"/><line number="1280" hits="0"/><line number="1281" hits="0"/><line number="1282" hits="0"/><line number="1284" hits="0"/><line number="1285" hits="0"/><line number="1288" hits="0"/><line number="1291" hits="0"/><line number="1294" hits="0"/><line number="1295" hits="0"/><line number="1296" hits="0"/><line number="1298" hits="0"/><line number="1300" hits="0"/><line number="1301" hits="0"/><line number="1302" hits="0"/><line number="1304" hits="0"/><line number="1305" hits="0"/><line number="1320" hits="0"/><line number="1321" hits="0"/><line number="1322" hits="0"/><line number="1323" hits="0"/><line number="1324" hits="0"/><line number="1325" hits="0"/><line number="1326" hits="0"/><line number="1331" hits="0"/><line number="1332" hits="0"/><line number="1337" hits="0"/><line number="1338" hits="0"/><line number="1339" hits="0"/><line number="1340" hits="0"/><line number="1341" hits="0"/><line number="1342" hits="0"/><line number="1346" hits="0"/><line number="1347" hits="0"/><line number="1348" hits="0"/><line number="1349" hits="0"/><line number="1354" hits="0"/><line number="1355" hits="0"/><line number="1356" hits="0"/><line number="1357" hits="0"/><line number="1358" hits="0"/><line number="1359" hits="0"/><line number="1360" hits="0"/><line number="1361" hits="0"/><line number="1362" hits="0"/><line number="1363" hits="0"/><line number="1364" hits="0"/><line number="1365" hits="0"/><line number="1366" hits="0"/><line number="1367" hits="0"/><line number="1368" hits="0"/><line number="1369" hits="0"/><line number="1370" hits="0"/><line number="1371" hits="0"/><line number="1372" hits="0"/><line number="1373" hits="0"/><line number="1374" hits="0"/><line number="1378" hits="0"/><line number="1379" hits="0"/><line number="1380" hits="0"/><line number="1381" hits="0"/><line number="1382" hits="0"/><line number="1383" hits="0"/><line number="1384" hits="0"/><line number="1385" hits="0"/><line number="1386" hits="0"/><line number="1387" hits="0"/><line number="1388" hits="0"/><line number="1389" hits="0"/><line number="1391" hits="0"/><line number="1392" hits="0"/><line number="1397" hits="0"/><line number="1398" hits="0"/><line number="1399" hits="0"/><line number="1400" hits="0"/><line number="1401" hits="0"/><line number="1403" hits="0"/><line number="1404" hits="0"/><line number="1405" hits="0"/><line number="1407" hits="0"/><line number="1409" hits="0"/><line number="1410" hits="0"/><line number="1411" hits="0"/><line number="1412" hits="0"/><line number="1413" hits="0"/><line number="1414" hits="0"/><line number="1415" hits="0"/><line number="1416" hits="0"/><line number="1417" hits="0"/><line number="1418" hits="0"/><line number="1419" hits="0"/><line number="1421" hits="0"/><line number="1422" hits="0"/><line number="1431" hits="0"/><line number="1432" hits="0"/><line number="1433" hits="0"/><line number="1436" hits="0"/><line number="1437" hits="0"/><line number="1439" hits="0"/><line number="1440" hits="0"/><line number="1441" hits="0"/><line number="1442" hits="0"/><line number="1443" hits="0"/><line number="1444" hits="0"/><line number="1446" hits="0"/><line number="1448" hits="0"/><line number="1449" hits="0"/><line number="1450" hits="0"/><line number="1453" hits="0"/><line number="1454" hits="0"/><line number="1455" hits="0"/><line number="1457" hits="0"/><line number="1458" hits="0"/><line number="1460" hits="0"/><line number="1461" hits="0"/><line number="1464" hits="0"/><line number="1466" hits="0"/><line number="1467" hits="0"/><line number="1468" hits="0"/><line number="1469" hits="0"/><line number="1470" hits="0"/><line number="1471" hits="0"/><line number="1472" hits="0"/><line number="1473" hits="0"/><line number="1474" hits="0"/><line number="1475" hits="0"/><line number="1476" hits="0"/><line number="1477" hits="0"/><line number="1478" hits="0"/><line number="1479" hits="0"/><line number="1482" hits="0"/><line number="1483" hits="0"/><line number="1484" hits="0"/><line number="1486" hits="0"/><line number="1487" hits="0"/><line number="1488" hits="0"/><line number="1489" hits="0"/><line number="1491" hits="0"/><line number="1492" hits="0"/><line number="1493" hits="0"/><line number="1494" hits="0"/><line number="1495" hits="0"/><line number="1496" hits="0"/><line number="1497" hits="0"/><line number="1498" hits="0"/><line number="1499" hits="0"/><line number="1500" hits="0"/><line number="1501" hits="0"/><line number="1502" hits="0"/><line number="1503" hits="0"/><line number="1504" hits="0"/><line number="1506" hits="0"/><line number="1507" hits="0"/><line number="1508" hits="0"/><line number="1509" hits="0"/><line number="1510" hits="0"/><line number="1511" hits="0"/><line number="1512" hits="0"/><line number="1513" hits="0"/><line number="1514" hits="0"/><line number="1515" hits="0"/><line number="1516" hits="0"/><line number="1517" hits="0"/><line number="1518" hits="0"/><line number="1519" hits="0"/><line number="1523" hits="0"/><line number="1524" hits="0"/><line number="1525" hits="0"/><line number="1526" hits="0"/><line number="1527" hits="0"/><line number="1529" hits="0"/><line number="1530" hits="0"/><line number="1531" hits="0"/><line number="1533" hits="0"/><line number="1535" hits="0"/><line number="1536" hits="0"/><line number="1537" hits="0"/><line number="1538" hits="0"/><line number="1539" hits="0"/><line number="1540" hits="0"/><line number="1541" hits="0"/><line number="1542" hits="0"/><line number="1543" hits="0"/><line number="1544" hits="0"/><line number="1545" hits="0"/><line number="1546" hits="0"/><line number="1547" hits="0"/><line number="1548" hits="0"/><line number="1550" hits="0"/><line number="1551" hits="0"/><line number="1552" hits="0"/><line number="1554" hits="0"/><line number="1555" hits="0"/><line number="1556" hits="0"/><line number="1557" hits="0"/><line number="1559" hits="0"/><line number="1560" hits="0"/><line number="1561" hits="0"/><line number="1562" hits="0"/><line number="1563" hits="0"/><line number="1564" hits="0"/><line number="1565" hits="0"/><line number="1566" hits="0"/><line number="1567" hits="0"/><line number="1568" hits="0"/><line number="1569" hits="0"/><line number="1570" hits="0"/><line number="1571" hits="0"/><line number="1572" hits="0"/><line number="1576" hits="0"/><line number="1577" hits="0"/><line number="1578" hits="0"/><line number="1579" hits="0"/><line number="1580" hits="0"/><line number="1582" hits="0"/><line number="1583" hits="0"/><line number="1584" hits="0"/><line number="1586" hits="0"/><line number="1588" hits="0"/><line number="1589" hits="0"/><line number="1590" hits="0"/><line number="1591" hits="0"/><line number="1592" hits="0"/><line number="1593" hits="0"/><line number="1594" hits="0"/><line number="1595" hits="0"/><line number="1596" hits="0"/><line number="1597" hits="0"/><line number="1598" hits="0"/><line number="1600" hits="0"/><line number="1601" hits="0"/><line number="1607" hits="0"/><line number="1608" hits="0"/><line number="1609" hits="0"/><line number="1611" hits="0"/><line number="1615" hits="0"/><line number="1616" hits="0"/><line number="1617" hits="0"/><line number="1618" hits="0"/><line number="1619" hits="0"/><line number="1621" hits="0"/><line number="1622" hits="0"/><line number="1623" hits="0"/><line number="1625" hits="0"/><line number="1627" hits="0"/><line number="1628" hits="0"/><line number="1629" hits="0"/><line number="1630" hits="0"/><line number="1631" hits="0"/><line number="1632" hits="0"/><line number="1633" hits="0"/><line number="1634" hits="0"/><line number="1635" hits="0"/><line number="1636" hits="0"/><line number="1637" hits="0"/><line number="1639" hits="0"/><line number="1640" hits="0"/><line number="1645" hits="0"/><line number="1646" hits="0"/><line number="1647" hits="0"/><line number="1648" hits="0"/><line number="1649" hits="0"/><line number="1651" hits="0"/><line number="1652" hits="0"/><line number="1653" hits="0"/><line number="1655" hits="0"/><line number="1657" hits="0"/><line number="1658" hits="0"/><line number="1659" hits="0"/><line number="1660" hits="0"/><line number="1661" hits="0"/><line number="1663" hits="0"/><line number="1664" hits="0"/><line number="1665" hits="0"/><line number="1667" hits="0"/><line number="1669" hits="0"/><line number="1670" hits="0"/><line number="1671" hits="0"/><line number="1672" hits="0"/><line number="1673" hits="0"/><line number="1674" hits="0"/><line number="1675" hits="0"/><line number="1676" hits="0"/><line number="1677" hits="0"/><line number="1678" hits="0"/><line number="1679" hits="0"/><line number="1681" hits="0"/><line number="1682" hits="0"/><line number="1686" hits="0"/><line number="1687" hits="0"/><line number="1688" hits="0"/><line number="1689" hits="0"/><line number="1690" hits="0"/><line number="1692" hits="0"/><line number="1693" hits="0"/><line number="1694" hits="0"/><line number="1696" hits="0"/><line number="1698" hits="0"/><line number="1699" hits="0"/><line number="1700" hits="0"/><line number="1701" hits="0"/><line number="1702" hits="0"/><line number="1703" hits="0"/><line number="1704" hits="0"/><line number="1705" hits="0"/><line number="1706" hits="0"/><line number="1707" hits="0"/><line number="1708" hits="0"/><line number="1710" hits="0"/><line number="1711" hits="0"/><line number="1713" hits="0"/><line number="1714" hits="0"/><line number="1715" hits="0"/><line number="1716" hits="0"/><line number="1717" hits="0"/><line number="1718" hits="0"/><line number="1719" hits="0"/><line number="1720" hits="0"/><line number="1721" hits="0"/><line number="1722" hits="0"/><line number="1723" hits="0"/><line number="1724" hits="0"/><line number="1725" hits="0"/><line number="1726" hits="0"/><line number="1730" hits="0"/><line number="1731" hits="0"/><line number="1732" hits="0"/><line number="1733" hits="0"/><line number="1734" hits="0"/><line number="1736" hits="0"/><line number="1737" hits="0"/><line number="1738" hits="0"/><line number="1740" hits="0"/><line number="1742" hits="0"/><line number="1743" hits="0"/><line number="1744" hits="0"/><line number="1745" hits="0"/><line number="1746" hits="0"/><line number="1747" hits="0"/><line number="1748" hits="0"/><line number="1749" hits="0"/><line number="1750" hits="0"/><line number="1751" hits="0"/><line number="1752" hits="0"/><line number="1754" hits="0"/><line number="1755" hits="0"/><line number="1760" hits="0"/><line number="1761" hits="0"/><line number="1765" hits="0"/><line number="1766" hits="0"/><line number="1767" hits="0"/><line number="1768" hits="0"/><line number="1769" hits="0"/><line number="1771" hits="0"/><line number="1772" hits="0"/><line number="1773" hits="0"/><line number="1781" hits="0"/><line number="1782" hits="0"/><line number="1785" hits="0"/><line number="1788" hits="0"/><line number="1799" hits="0"/><line number="1800" hits="0"/><line number="1801" hits="0"/><line number="1803" hits="0"/><line number="1804" hits="0"/><line number="1805" hits="0"/><line number="1806" hits="0"/><line number="1807" hits="0"/><line number="1808" hits="0"/><line number="1809" hits="0"/><line number="1810" hits="0"/><line number="1811" hits="0"/><line number="1812" hits="0"/><line number="1816" hits="0"/><line number="1821" hits="0"/><line number="1823" hits="0"/><line number="1824" hits="0"/><line number="1825" hits="0"/><line number="1827" hits="0"/><line number="1828" hits="0"/><line number="1829" hits="0"/><line number="1830" hits="0"/><line number="1832" hits="0"/><line number="1834" hits="0"/><line number="1835" hits="0"/><line number="1836" hits="0"/><line number="1837" hits="0"/><line number="1838" hits="0"/><line number="1840" hits="0"/><line number="1842" hits="0"/><line number="1843" hits="0"/><line number="1844" hits="0"/><line number="1846" hits="0"/><line number="1847" hits="0"/><line number="1848" hits="0"/><line number="1849" hits="0"/><line number="1850" hits="0"/><line number="1851" hits="0"/><line number="1854" hits="0"/><line number="1855" hits="0"/><line number="1856" hits="0"/><line number="1857" hits="0"/><line number="1858" hits="0"/><line number="1862" hits="0"/><line number="1865" hits="0"/><line number="1866" hits="0"/><line number="1869" hits="0"/><line number="1870" hits="0"/><line number="1874" hits="0"/><line number="1875" hits="0"/><line number="1876" hits="0"/><line number="1877" hits="0"/><line number="1882" hits="0"/><line number="1883" hits="0"/><line number="1888" hits="0"/><line number="1889" hits="0"/><line number="1891" hits="0"/><line number="1895" hits="0"/><line number="1896" hits="0"/><line number="1897" hits="0"/><line number="1898" hits="0"/><line number="1900" hits="0"/><line number="1905" hits="0"/><line number="1906" hits="0"/><line number="1907" hits="0"/><line number="1908" hits="0"/><line number="1909" hits="0"/><line number="1911" hits="0"/><line number="1914" hits="0"/><line number="1915" hits="0"/><line number="1916" hits="0"/><line number="1917" hits="0"/><line number="1918" hits="0"/><line number="1920" hits="0"/><line number="1921" hits="0"/><line number="1922" hits="0"/><line number="1925" hits="0"/><line number="1927" hits="0"/><line number="1928" hits="0"/><line number="1929" hits="0"/><line number="1930" hits="0"/><line number="1931" hits="0"/><line number="1933" hits="0"/><line number="1934" hits="0"/><line number="1935" hits="0"/><line number="1938" hits="0"/><line number="1939" hits="0"/><line number="1940" hits="0"/><line number="1941" hits="0"/><line number="1943" hits="0"/><line number="1945" hits="0"/><line number="1946" hits="0"/><line number="1949" hits="0"/><line number="1951" hits="0"/><line number="1952" hits="0"/><line number="1953" hits="0"/><line number="1954" hits="0"/><line number="1960" hits="0"/><line number="1961" hits="0"/><line number="1965" hits="0"/><line number="1966" hits="0"/><line number="1967" hits="0"/><line number="1968" hits="0"/><line number="1969" hits="0"/><line number="1971" hits="0"/><line number="1972" hits="0"/><line number="1973" hits="0"/><line number="1974" hits="0"/><line number="1975" hits="0"/><line number="1976" hits="0"/><line number="1977" hits="0"/><line number="1979" hits="0"/><line number="1980" hits="0"/><line number="1981" hits="0"/><line number="1982" hits="0"/><line number="1983" hits="0"/><line number="1984" hits="0"/><line number="1985" hits="0"/><line number="1989" hits="0"/><line number="1990" hits="0"/><line number="1991" hits="0"/><line number="1993" hits="0"/><line number="1994" hits="0"/><line number="1995" hits="0"/><line number="1997" hits="0"/><line number="1998" hits="0"/><line number="1999" hits="0"/><line number="2001" hits="0"/><line number="2002" hits="0"/><line number="2003" hits="0"/><line number="2008" hits="0"/><line number="2009" hits="0"/><line number="2011" hits="0"/><line number="2012" hits="0"/><line number="2016" hits="0"/><line number="2017" hits="0"/><line number="2018" hits="0"/><line number="2019" hits="0"/><line number="2025" hits="0"/><line number="2026" hits="0"/><line number="2027" hits="0"/><line number="2028" hits="0"/><line number="2029" hits="0"/><line number="2030" hits="0"/><line number="2033" hits="0"/><line number="2034" hits="0"/><line number="2035" hits="0"/><line number="2036" hits="0"/><line number="2037" hits="0"/><line number="2039" hits="0"/><line number="2040" hits="0"/><line number="2041" hits="0"/><line number="2043" hits="0"/><line number="2044" hits="0"/><line number="2045" hits="0"/><line number="2047" hits="0"/><line number="2048" hits="0"/><line number="2049" hits="0"/><line number="2051" hits="0"/><line number="2052" hits="0"/><line number="2053" hits="0"/><line number="2056" hits="0"/><line number="2057" hits="0"/><line number="2058" hits="0"/><line number="2060" hits="0"/><line number="2061" hits="0"/><line number="2062" hits="0"/><line number="2063" hits="0"/><line number="2065" hits="0"/><line number="2068" hits="0"/><line number="2069" hits="0"/><line number="2070" hits="0"/><line number="2071" hits="0"/><line number="2073" hits="0"/><line number="2076" hits="0"/><line number="2077" hits="0"/><line number="2078" hits="0"/><line number="2079" hits="0"/><line number="2083" hits="0"/><line number="2084" hits="0"/><line number="2088" hits="0"/><line number="2089" hits="0"/><line number="2090" hits="0"/><line number="2091" hits="0"/><line number="2093" hits="0"/><line number="2094" hits="0"/><line number="2095" hits="0"/><line number="2096" hits="0"/><line number="2098" hits="0"/><line number="2099" hits="0"/><line number="2100" hits="0"/><line number="2101" hits="0"/><line number="2103" hits="0"/></lines></class><class name="layer" filename="src\backend\bindless\pipeline\layer.rs" line-rate="0" branch-rate="0" complexity="0"><methods/><lines><line number="12" hits="0"/><line number="21" hits="0"/><line number="27" hits="0"/><line number="28" hits="0"/><line number="29" hits="0"/><line number="30" hits="0"/><line number="31" hits="0"/><line number="32" hits="0"/><line number="36" hits="0"/><line number="37" hits="0"/><line number="38" hits="0"/><line number="39" hits="0"/><line number="40" hits="0"/><line number="41" hits="0"/><line number="45" hits="0"/><line number="46" hits="0"/><line number="47" hits="0"/><line number="48" hits="0"/><line number="51" hits="0"/><line number="52" hits="0"/><line number="53" hits="0"/><line number="54" hits="0"/><line number="58" hits="0"/><line number="59" hits="0"/><line number="60" hits="0"/><line number="61" hits="0"/><line number="62" hits="0"/><line number="63" hits="0"/><line number="67" hits="0"/><line number="68" hits="0"/><line number="69" hits="0"/><line number="70" hits="0"/><line number="71" hits="0"/><line number="72" hits="0"/><line number="73" hits="0"/><line number="75" hits="0"/><line number="76" hits="0"/><line number="77" hits="0"/><line number="79" hits="0"/><line number="80" hits="0"/><line number="81" hits="0"/><line number="83" hits="0"/><line number="84" hits="0"/><line number="85" hits="0"/><line number="87" hits="0"/><line number="88" hits="0"/><line number="89" hits="0"/><line number="91" hits="0"/><line number="92" hits="0"/><line number="93" hits="0"/><line number="94" hits="0"/><line number="95" hits="0"/><line number="96" hits="0"/><line number="97" hits="0"/><line number="98" hits="0"/><line number="100" hits="0"/><line number="101" hits="0"/><line number="102" hits="0"/><line number="103" hits="0"/><line number="104" hits="0"/><line number="105" hits="0"/><line number="106" hits="0"/><line number="107" hits="0"/><line number="109" hits="0"/><line number="110" hits="0"/><line number="111" hits="0"/><line number="113" hits="0"/><line number="114" hits="0"/><line number="115" hits="0"/><line number="117" hits="0"/><line number="118" hits="0"/><line number="119" hits="0"/><line number="121" hits="0"/><line number="122" hits="0"/><line number="123" hits="0"/><line number="125" hits="0"/><line number="126" hits="0"/><line number="127" hits="0"/><line number="133" hits="0"/><line number="134" hits="0"/><line number="135" hits="0"/><line number="136" hits="0"/><line number="137" hits="0"/><line number="139" hits="0"/><line number="140" hits="0"/><line number="142" hits="0"/><line number="143" hits="0"/><line number="144" hits="0"/><line number="146" hits="0"/><line number="147" hits="0"/><line number="148" hits="0"/><line number="151" hits="0"/><line number="152" hits="0"/><line number="153" hits="0"/><line number="155" hits="0"/><line number="156" hits="0"/><line number="157" hits="0"/><line number="161" hits="0"/><line number="162" hits="0"/><line number="164" hits="0"/><line number="165" hits="0"/><line number="166" hits="0"/><line number="167" hits="0"/><line number="168" hits="0"/><line number="170" hits="0"/><line number="171" hits="0"/><line number="172" hits="0"/><line number="173" hits="0"/><line number="174" hits="0"/><line number="176" hits="0"/><line number="177" hits="0"/><line number="178" hits="0"/><line number="179" hits="0"/><line number="180" hits="0"/><line number="184" hits="0"/><line number="186" hits="0"/><line number="188" hits="0"/><line number="190" hits="0"/><line number="193" hits="0"/><line number="194" hits="0"/><line number="195" hits="0"/><line number="197" hits="0"/><line number="201" hits="0"/><line number="210" hits="0"/><line number="211" hits="0"/><line number="215" hits="0"/><line number="225" hits="0"/><line number="231" hits="0"/><line number="232" hits="0"/><line number="233" hits="0"/><line number="234" hits="0"/><line number="235" hits="0"/><line number="236" hits="0"/><line number="240" hits="0"/><line number="241" hits="0"/><line number="242" hits="0"/><line number="243" hits="0"/><line number="244" hits="0"/><line number="245" hits="0"/><line number="249" hits="0"/><line number="250" hits="0"/><line number="251" hits="0"/><line number="252" hits="0"/><line number="255" hits="0"/><line number="256" hits="0"/><line number="257" hits="0"/><line number="258" hits="0"/><line number="262" hits="0"/><line number="263" hits="0"/><line number="264" hits="0"/><line number="265" hits="0"/><line number="266" hits="0"/><line number="267" hits="0"/><line number="268" hits="0"/><line number="269" hits="0"/><line number="270" hits="0"/><line number="273" hits="0"/><line number="274" hits="0"/><line number="275" hits="0"/><line number="276" hits="0"/><line number="277" hits="0"/><line number="292" hits="0"/><line number="293" hits="0"/><line number="294" hits="0"/><line number="295" hits="0"/><line number="299" hits="0"/><line number="300" hits="0"/><line number="301" hits="0"/><line number="302" hits="0"/><line number="303" hits="0"/><line number="304" hits="0"/><line number="305" hits="0"/><line number="307" hits="0"/><line number="308" hits="0"/><line number="309" hits="0"/><line number="311" hits="0"/><line number="312" hits="0"/><line number="313" hits="0"/><line number="315" hits="0"/><line number="316" hits="0"/><line number="317" hits="0"/><line number="319" hits="0"/><line number="320" hits="0"/><line number="321" hits="0"/><line number="323" hits="0"/><line number="324" hits="0"/><line number="325" hits="0"/><line number="326" hits="0"/><line number="327" hits="0"/><line number="328" hits="0"/><line number="329" hits="0"/><line number="330" hits="0"/><line number="332" hits="0"/><line number="333" hits="0"/><line number="334" hits="0"/><line number="335" hits="0"/><line number="336" hits="0"/><line number="337" hits="0"/><line number="338" hits="0"/><line number="339" hits="0"/><line number="341" hits="0"/><line number="342" hits="0"/><line number="343" hits="0"/><line number="345" hits="0"/><line number="346" hits="0"/><line number="347" hits="0"/><line number="349" hits="0"/><line number="350" hits="0"/><line number="351" hits="0"/><line number="353" hits="0"/><line number="354" hits="0"/><line number="355" hits="0"/><line number="357" hits="0"/><line number="358" hits="0"/><line number="359" hits="0"/><line number="366" hits="0"/><line number="367" hits="0"/><line number="370" hits="0"/><line number="371" hits="0"/><line number="372" hits="0"/><line number="373" hits="0"/><line number="376" hits="0"/><line number="377" hits="0"/><line number="379" hits="0"/><line number="380" hits="0"/><line number="384" hits="0"/><line number="385" hits="0"/><line number="386" hits="0"/><line number="388" hits="0"/><line number="389" hits="0"/><line number="390" hits="0"/><line number="395" hits="0"/><line number="396" hits="0"/><line number="397" hits="0"/><line number="399" hits="0"/><line number="400" hits="0"/><line number="401" hits="0"/><line number="406" hits="0"/><line number="407" hits="0"/><line number="408" hits="0"/><line number="409" hits="0"/><line number="411" hits="0"/><line number="412" hits="0"/><line number="413" hits="0"/><line number="418" hits="0"/><line number="419" hits="0"/><line number="420" hits="0"/><line number="422" hits="0"/><line number="423" hits="0"/><line number="424" hits="0"/><line number="429" hits="0"/><line number="430" hits="0"/><line number="431" hits="0"/><line number="433" hits="0"/><line number="434" hits="0"/><line number="435" hits="0"/><line number="438" hits="0"/><line number="439" hits="0"/><line number="440" hits="0"/><line number="441" hits="0"/><line number="442" hits="0"/><line number="445" hits="0"/><line number="446" hits="0"/><line number="451" hits="0"/><line number="452" hits="0"/><line number="453" hits="0"/><line number="455" hits="0"/><line number="456" hits="0"/><line number="458" hits="0"/><line number="463" hits="0"/><line number="464" hits="0"/><line number="465" hits="0"/><line number="467" hits="0"/><line number="468" hits="0"/><line number="469" hits="0"/><line number="474" hits="0"/><line number="475" hits="0"/><line number="476" hits="0"/><line number="478" hits="0"/><line number="479" hits="0"/><line number="480" hits="0"/><line number="483" hits="0"/><line number="484" hits="0"/><line number="485" hits="0"/><line number="486" hits="0"/><line number="487" hits="0"/><line number="490" hits="0"/><line number="491" hits="0"/><line number="494" hits="0"/><line number="495" hits="0"/><line number="496" hits="0"/><line number="498" hits="0"/><line number="500" hits="0"/><line number="524" hits="0"/><line number="535" hits="0"/><line number="538" hits="0"/><line number="539" hits="0"/><line number="540" hits="0"/><line number="541" hits="0"/><line number="542" hits="0"/><line number="543" hits="0"/><line number="547" hits="0"/><line number="548" hits="0"/><line number="549" hits="0"/><line number="550" hits="0"/><line number="551" hits="0"/><line number="552" hits="0"/><line number="556" hits="0"/><line number="557" hits="0"/><line number="558" hits="0"/><line number="559" hits="0"/><line number="562" hits="0"/><line number="563" hits="0"/><line number="564" hits="0"/><line number="565" hits="0"/><line number="570" hits="0"/><line number="571" hits="0"/><line number="572" hits="0"/><line number="574" hits="0"/><line number="580" hits="0"/><line number="581" hits="0"/><line number="582" hits="0"/><line number="583" hits="0"/><line number="587" hits="0"/><line number="588" hits="0"/><line number="589" hits="0"/><line number="590" hits="0"/><line number="591" hits="0"/><line number="592" hits="0"/><line number="593" hits="0"/><line number="595" hits="0"/><line number="596" hits="0"/><line number="597" hits="0"/><line number="599" hits="0"/><line number="600" hits="0"/><line number="601" hits="0"/><line number="603" hits="0"/><line number="604" hits="0"/><line number="605" hits="0"/><line number="607" hits="0"/><line number="608" hits="0"/><line number="609" hits="0"/><line number="611" hits="0"/><line number="612" hits="0"/><line number="613" hits="0"/><line number="614" hits="0"/><line number="615" hits="0"/><line number="616" hits="0"/><line number="617" hits="0"/><line number="618" hits="0"/><line number="620" hits="0"/><line number="621" hits="0"/><line number="622" hits="0"/><line number="623" hits="0"/><line number="624" hits="0"/><line number="625" hits="0"/><line number="626" hits="0"/><line number="627" hits="0"/><line number="629" hits="0"/><line number="630" hits="0"/><line number="631" hits="0"/><line number="632" hits="0"/><line number="633" hits="0"/><line number="634" hits="0"/><line number="635" hits="0"/><line number="636" hits="0"/><line number="637" hits="0"/><line number="638" hits="0"/><line number="639" hits="0"/><line number="641" hits="0"/><line number="642" hits="0"/><line number="643" hits="0"/><line number="645" hits="0"/><line number="646" hits="0"/><line number="647" hits="0"/><line number="653" hits="0"/><line number="654" hits="0"/><line number="655" hits="0"/><line number="656" hits="0"/><line number="657" hits="0"/><line number="658" hits="0"/><line number="659" hits="0"/><line number="663" hits="0"/><line number="664" hits="0"/><line number="669" hits="0"/><line number="670" hits="0"/><line number="671" hits="0"/><line number="673" hits="0"/><line number="674" hits="0"/><line number="675" hits="0"/><line number="676" hits="0"/><line number="680" hits="0"/><line number="681" hits="0"/><line number="682" hits="0"/><line number="684" hits="0"/><line number="685" hits="0"/><line number="686" hits="0"/><line number="687" hits="0"/><line number="691" hits="0"/><line number="692" hits="0"/><line number="693" hits="0"/><line number="694" hits="0"/><line number="696" hits="0"/><line number="697" hits="0"/><line number="698" hits="0"/><line number="699" hits="0"/><line number="703" hits="0"/><line number="704" hits="0"/><line number="705" hits="0"/><line number="707" hits="0"/><line number="708" hits="0"/><line number="709" hits="0"/><line number="710" hits="0"/><line number="714" hits="0"/><line number="715" hits="0"/><line number="716" hits="0"/><line number="718" hits="0"/><line number="719" hits="0"/><line number="720" hits="0"/><line number="721" hits="0"/><line number="725" hits="0"/><line number="726" hits="0"/><line number="727" hits="0"/><line number="729" hits="0"/><line number="730" hits="0"/><line number="731" hits="0"/><line number="732" hits="0"/><line number="736" hits="0"/><line number="737" hits="0"/><line number="738" hits="0"/><line number="740" hits="0"/><line number="741" hits="0"/><line number="743" hits="0"/><line number="744" hits="0"/><line number="748" hits="0"/><line number="749" hits="0"/><line number="750" hits="0"/><line number="752" hits="0"/><line number="753" hits="0"/><line number="754" hits="0"/><line number="755" hits="0"/><line number="759" hits="0"/><line number="760" hits="0"/><line number="761" hits="0"/><line number="763" hits="0"/><line number="764" hits="0"/><line number="765" hits="0"/><line number="766" hits="0"/><line number="770" hits="0"/><line number="771" hits="0"/><line number="772" hits="0"/><line number="774" hits="0"/><line number="775" hits="0"/><line number="776" hits="0"/><line number="777" hits="0"/><line number="780" hits="0"/><line number="781" hits="0"/><line number="782" hits="0"/><line number="783" hits="0"/><line number="784" hits="0"/><line number="787" hits="0"/><line number="788" hits="0"/><line number="793" hits="0"/><line number="805" hits="0"/><line number="816" hits="0"/><line number="818" hits="0"/><line number="819" hits="0"/><line number="820" hits="0"/><line number="821" hits="0"/><line number="822" hits="0"/><line number="823" hits="0"/><line number="826" hits="0"/><line number="827" hits="0"/><line number="828" hits="0"/><line number="829" hits="0"/><line number="830" hits="0"/><line number="831" hits="0"/><line number="834" hits="0"/><line number="835" hits="0"/><line number="836" hits="0"/><line number="837" hits="0"/><line number="839" hits="0"/><line number="840" hits="0"/><line number="841" hits="0"/><line number="842" hits="0"/><line number="845" hits="0"/><line number="848" hits="0"/><line number="849" hits="0"/><line number="851" hits="0"/><line number="856" hits="0"/><line number="857" hits="0"/><line number="858" hits="0"/><line number="859" hits="0"/><line number="864" hits="0"/><line number="865" hits="0"/><line number="866" hits="0"/><line number="867" hits="0"/><line number="868" hits="0"/><line number="869" hits="0"/><line number="870" hits="0"/><line number="872" hits="0"/><line number="873" hits="0"/><line number="874" hits="0"/><line number="876" hits="0"/><line number="877" hits="0"/><line number="878" hits="0"/><line number="880" hits="0"/><line number="881" hits="0"/><line number="882" hits="0"/><line number="884" hits="0"/><line number="885" hits="0"/><line number="886" hits="0"/><line number="888" hits="0"/><line number="889" hits="0"/><line number="890" hits="0"/><line number="891" hits="0"/><line number="892" hits="0"/><line number="893" hits="0"/><line number="894" hits="0"/><line number="895" hits="0"/><line number="897" hits="0"/><line number="898" hits="0"/><line number="899" hits="0"/><line number="900" hits="0"/><line number="901" hits="0"/><line number="902" hits="0"/><line number="903" hits="0"/><line number="904" hits="0"/><line number="906" hits="0"/><line number="907" hits="0"/><line number="908" hits="0"/><line number="910" hits="0"/><line number="911" hits="0"/><line number="912" hits="0"/><line number="914" hits="0"/><line number="915" hits="0"/><line number="916" hits="0"/><line number="918" hits="0"/><line number="919" hits="0"/><line number="920" hits="0"/><line number="922" hits="0"/><line number="923" hits="0"/><line number="924" hits="0"/><line number="926" hits="0"/><line number="927" hits="0"/><line number="928" hits="0"/><line number="930" hits="0"/><line number="931" hits="0"/><line number="932" hits="0"/><line number="938" hits="0"/><line number="939" hits="0"/><line number="940" hits="0"/><line number="941" hits="0"/><line number="942" hits="0"/><line number="943" hits="0"/><line number="944" hits="0"/><line number="946" hits="0"/><line number="947" hits="0"/><line number="948" hits="0"/><line number="950" hits="0"/><line number="951" hits="0"/><line number="952" hits="0"/><line number="954" hits="0"/><line number="955" hits="0"/><line number="956" hits="0"/><line number="958" hits="0"/><line number="959" hits="0"/><line number="960" hits="0"/><line number="962" hits="0"/><line number="963" hits="0"/><line number="964" hits="0"/><line number="965" hits="0"/><line number="966" hits="0"/><line number="967" hits="0"/><line number="968" hits="0"/><line number="969" hits="0"/><line number="971" hits="0"/><line number="972" hits="0"/><line number="973" hits="0"/><line number="974" hits="0"/><line number="975" hits="0"/><line number="976" hits="0"/><line number="977" hits="0"/><line number="978" hits="0"/><line number="980" hits="0"/><line number="981" hits="0"/><line number="982" hits="0"/><line number="984" hits="0"/><line number="985" hits="0"/><line number="986" hits="0"/><line number="988" hits="0"/><line number="989" hits="0"/><line number="990" hits="0"/><line number="997" hits="0"/><line number="998" hits="0"/><line number="1002" hits="0"/><line number="1003" hits="0"/><line number="1004" hits="0"/><line number="1005" hits="0"/><line number="1007" hits="0"/><line number="1008" hits="0"/><line number="1009" hits="0"/><line number="1010" hits="0"/><line number="1011" hits="0"/><line number="1012" hits="0"/><line number="1013" hits="0"/><line number="1015" hits="0"/><line number="1016" hits="0"/><line number="1017" hits="0"/><line number="1019" hits="0"/><line number="1020" hits="0"/><line number="1021" hits="0"/><line number="1023" hits="0"/><line number="1024" hits="0"/><line number="1025" hits="0"/><line number="1027" hits="0"/><line number="1028" hits="0"/><line number="1029" hits="0"/><line number="1031" hits="0"/><line number="1032" hits="0"/><line number="1033" hits="0"/><line number="1035" hits="0"/><line number="1036" hits="0"/><line number="1037" hits="0"/><line number="1042" hits="0"/><line number="1043" hits="0"/><line number="1044" hits="0"/><line number="1045" hits="0"/><line number="1046" hits="0"/><line number="1047" hits="0"/><line number="1048" hits="0"/><line number="1054" hits="0"/><line number="1055" hits="0"/><line number="1056" hits="0"/><line number="1057" hits="0"/><line number="1058" hits="0"/><line number="1061" hits="0"/><line number="1062" hits="0"/><line number="1065" hits="0"/><line number="1066" hits="0"/><line number="1067" hits="0"/><line number="1069" hits="0"/><line number="1070" hits="0"/><line number="1071" hits="0"/><line number="1074" hits="0"/><line number="1075" hits="0"/><line number="1076" hits="0"/><line number="1078" hits="0"/><line number="1079" hits="0"/><line number="1080" hits="0"/><line number="1083" hits="0"/><line number="1084" hits="0"/><line number="1085" hits="0"/><line number="1087" hits="0"/><line number="1088" hits="0"/><line number="1089" hits="0"/><line number="1092" hits="0"/><line number="1093" hits="0"/><line number="1094" hits="0"/><line number="1096" hits="0"/><line number="1097" hits="0"/><line number="1098" hits="0"/><line number="1101" hits="0"/><line number="1102" hits="0"/><line number="1103" hits="0"/><line number="1105" hits="0"/><line number="1106" hits="0"/><line number="1107" hits="0"/><line number="1110" hits="0"/><line number="1111" hits="0"/><line number="1112" hits="0"/><line number="1114" hits="0"/><line number="1115" hits="0"/><line number="1116" hits="0"/><line number="1119" hits="0"/><line number="1120" hits="0"/><line number="1121" hits="0"/><line number="1123" hits="0"/><line number="1124" hits="0"/><line number="1125" hits="0"/><line number="1128" hits="0"/><line number="1129" hits="0"/><line number="1130" hits="0"/><line number="1132" hits="0"/><line number="1133" hits="0"/><line number="1134" hits="0"/><line number="1137" hits="0"/><line number="1138" hits="0"/><line number="1139" hits="0"/><line number="1141" hits="0"/><line number="1142" hits="0"/><line number="1143" hits="0"/><line number="1146" hits="0"/><line number="1147" hits="0"/><line number="1148" hits="0"/><line number="1150" hits="0"/><line number="1151" hits="0"/><line number="1152" hits="0"/><line number="1154" hits="0"/><line number="1155" hits="0"/><line number="1158" hits="0"/><line number="1170" hits="0"/><line number="1180" hits="0"/><line number="1181" hits="0"/><line number="1184" hits="0"/><line number="1185" hits="0"/><line number="1188" hits="0"/><line number="1195" hits="0"/><line number="1196" hits="0"/><line number="1197" hits="0"/><line number="1198" hits="0"/><line number="1201" hits="0"/><line number="1202" hits="0"/><line number="1203" hits="0"/><line number="1204" hits="0"/><line number="1205" hits="0"/><line number="1206" hits="0"/><line number="1207" hits="0"/><line number="1209" hits="0"/><line number="1210" hits="0"/><line number="1211" hits="0"/><line number="1213" hits="0"/><line number="1214" hits="0"/><line number="1215" hits="0"/><line number="1217" hits="0"/><line number="1218" hits="0"/><line number="1219" hits="0"/><line number="1221" hits="0"/><line number="1222" hits="0"/><line number="1223" hits="0"/><line number="1225" hits="0"/><line number="1226" hits="0"/><line number="1227" hits="0"/><line number="1229" hits="0"/><line number="1230" hits="0"/><line number="1231" hits="0"/><line number="1236" hits="0"/><line number="1237" hits="0"/><line number="1238" hits="0"/><line number="1240" hits="0"/><line number="1241" hits="0"/><line number="1243" hits="0"/><line number="1246" hits="0"/><line number="1251" hits="0"/><line number="1262" hits="0"/><line number="1265" hits="0"/><line number="1266" hits="0"/><line number="1267" hits="0"/><line number="1268" hits="0"/><line number="1269" hits="0"/><line number="1270" hits="0"/><line number="1273" hits="0"/><line number="1274" hits="0"/><line number="1275" hits="0"/><line number="1276" hits="0"/><line number="1277" hits="0"/><line number="1278" hits="0"/><line number="1281" hits="0"/><line number="1282" hits="0"/><line number="1283" hits="0"/><line number="1284" hits="0"/><line number="1287" hits="0"/><line number="1288" hits="0"/><line number="1289" hits="0"/><line number="1290" hits="0"/><line number="1294" hits="0"/><line number="1295" hits="0"/><line number="1296" hits="0"/><line number="1298" hits="0"/><line number="1304" hits="0"/><line number="1305" hits="0"/><line number="1306" hits="0"/><line number="1307" hits="0"/><line number="1310" hits="0"/><line number="1311" hits="0"/><line number="1312" hits="0"/><line number="1313" hits="0"/><line number="1314" hits="0"/><line number="1315" hits="0"/><line number="1316" hits="0"/><line number="1318" hits="0"/><line number="1319" hits="0"/><line number="1320" hits="0"/><line number="1322" hits="0"/><line number="1323" hits="0"/><line number="1324" hits="0"/><line number="1326" hits="0"/><line number="1327" hits="0"/><line number="1328" hits="0"/><line number="1330" hits="0"/><line number="1331" hits="0"/><line number="1332" hits="0"/><line number="1334" hits="0"/><line number="1335" hits="0"/><line number="1336" hits="0"/><line number="1337" hits="0"/><line number="1338" hits="0"/><line number="1339" hits="0"/><line number="1340" hits="0"/><line number="1341" hits="0"/><line number="1343" hits="0"/><line number="1344" hits="0"/><line number="1345" hits="0"/><line number="1346" hits="0"/><line number="1347" hits="0"/><line number="1348" hits="0"/><line number="1349" hits="0"/><line number="1350" hits="0"/><line number="1352" hits="0"/><line number="1353" hits="0"/><line number="1354" hits="0"/><line number="1356" hits="0"/><line number="1357" hits="0"/><line number="1358" hits="0"/><line number="1360" hits="0"/><line number="1361" hits="0"/><line number="1362" hits="0"/><line number="1364" hits="0"/><line number="1365" hits="0"/><line number="1366" hits="0"/><line number="1368" hits="0"/><line number="1369" hits="0"/><line number="1370" hits="0"/><line number="1375" hits="0"/><line number="1376" hits="0"/><line number="1377" hits="0"/><line number="1378" hits="0"/><line number="1379" hits="0"/><line number="1380" hits="0"/><line number="1381" hits="0"/><line number="1383" hits="0"/><line number="1384" hits="0"/><line number="1389" hits="0"/><line number="1390" hits="0"/><line number="1391" hits="0"/><line number="1393" hits="0"/><line number="1394" hits="0"/><line number="1395" hits="0"/><line number="1399" hits="0"/><line number="1400" hits="0"/><line number="1401" hits="0"/><line number="1403" hits="0"/><line number="1406" hits="0"/><line number="1407" hits="0"/><line number="1411" hits="0"/><line number="1412" hits="0"/><line number="1413" hits="0"/><line number="1414" hits="0"/><line number="1415" hits="0"/><line number="1416" hits="0"/><line number="1418" hits="0"/><line number="1421" hits="0"/><line number="1422" hits="0"/><line number="1423" hits="0"/><line number="1424" hits="0"/><line number="1425" hits="0"/><line number="1426" hits="0"/><line number="1428" hits="0"/><line number="1429" hits="0"/><line number="1430" hits="0"/><line number="1431" hits="0"/><line number="1432" hits="0"/><line number="1433" hits="0"/><line number="1434" hits="0"/><line number="1435" hits="0"/><line number="1437" hits="0"/><line number="1441" hits="0"/><line number="1442" hits="0"/><line number="1443" hits="0"/><line number="1444" hits="0"/><line number="1445" hits="0"/><line number="1447" hits="0"/><line number="1448" hits="0"/><line number="1449" hits="0"/><line number="1450" hits="0"/><line number="1451" hits="0"/><line number="1452" hits="0"/><line number="1453" hits="0"/><line number="1454" hits="0"/><line number="1456" hits="0"/><line number="1462" hits="0"/><line number="1463" hits="0"/><line number="1464" hits="0"/><line number="1465" hits="0"/><line number="1467" hits="0"/><line number="1468" hits="0"/><line number="1469" hits="0"/><line number="1474" hits="0"/><line number="1475" hits="0"/><line number="1476" hits="0"/><line number="1478" hits="0"/><line number="1479" hits="0"/><line number="1480" hits="0"/><line number="1484" hits="0"/><line number="1485" hits="0"/><line number="1486" hits="0"/><line number="1488" hits="0"/><line number="1489" hits="0"/><line number="1490" hits="0"/><line number="1495" hits="0"/><line number="1496" hits="0"/><line number="1497" hits="0"/><line number="1499" hits="0"/><line number="1500" hits="0"/><line number="1501" hits="0"/><line number="1505" hits="0"/><line number="1506" hits="0"/><line number="1507" hits="0"/><line number="1508" hits="0"/><line number="1509" hits="0"/><line number="1511" hits="0"/><line number="1514" hits="0"/><line number="1515" hits="0"/><line number="1516" hits="0"/><lin
[...]
856"/><line number="81" hits="14483576401623515136"/><line number="82" hits="13835058055282163712"/><line number="83" hits="13835058055282163712"/><line number="88" hits="648518346341351424"/><line number="89" hits="864691128455135232"/></lines></class><class name="q5_k" filename="src\core\dequant\q5_k.rs" line-rate="0.8051948051948052" branch-rate="0" complexity="0"><methods/><lines><line number="18" hits="288230376151711744"/><line number="23" hits="1152921504606846976"/><line number="24" hits="864691128455135232"/><line number="26" hits="576460752303423488"/><line number="27" hits="576460752303423488"/><line number="29" hits="576460752303423488"/><line number="30" hits="72057594037927936"/><line number="31" hits="216172782113783808"/><line number="32" hits="144115188075855872"/><line number="33" hits="216172782113783808"/><line number="34" hits="144115188075855872"/><line number="35" hits="72057594037927936"/><line number="39" hits="648518346341351424"/><line number="41" hits="504403158265495552"/><line number="42" hits="576460752303423488"/><line number="43" hits="864691128455135232"/><line number="45" hits="288230376151711744"/><line number="46" hits="864691128455135232"/><line number="47" hits="0"/><line number="48" hits="0"/><line number="49" hits="0"/><line number="50" hits="0"/><line number="53" hits="1152921504606846976"/><line number="54" hits="864691128455135232"/><line number="57" hits="432345564227567616"/><line number="61" hits="216172782113783808"/><line number="63" hits="0"/><line number="64" hits="0"/><line number="65" hits="0"/><line number="66" hits="0"/><line number="67" hits="0"/><line number="71" hits="864691128455135232"/><line number="74" hits="360287970189639680"/><line number="75" hits="360287970189639680"/><line number="76" hits="0"/><line number="77" hits="0"/><line number="78" hits="0"/><line number="79" hits="0"/><line number="90" hits="1441151880758558720"/><line number="91" hits="1441151880758558720"/><line number="92" hits="720575940379279360"/><line number="93" hits="0"/><line number="96" hits="1080863910568919040"/><line number="97" hits="1080863910568919040"/><line number="98" hits="1080863910568919040"/><line number="100" hits="720575940379279360"/><line number="101" hits="720575940379279360"/><line number="110" hits="1801439850948198400"/><line number="111" hits="5764607523034234880"/><line number="112" hits="5764607523034234880"/><line number="113" hits="2882303761517117440"/><line number="114" hits="2882303761517117440"/><line number="115" hits="2882303761517117440"/><line number="116" hits="2882303761517117440"/><line number="118" hits="2882303761517117440"/><line number="119" hits="2882303761517117440"/><line number="122" hits="1441151880758558720"/><line number="123" hits="9223372036854775808"/><line number="124" hits="9223372036854775808"/><line number="125" hits="9223372036854775808"/><line number="126" hits="9223372036854775808"/><line number="127" hits="0"/><line number="131" hits="1441151880758558724"/><line number="132" hits="9223372036854775814"/><line number="133" hits="9223372036854775814"/><line number="134" hits="9223372036854775814"/><line number="135" hits="9223372036854775814"/><line number="136" hits="4"/><line number="139" hits="1441151880758558720"/><line number="142" hits="360287970189639680"/><line number="146" hits="2882303761517117440"/><line number="147" hits="8646911284551352320"/><line number="148" hits="2882303761517117440"/><line number="149" hits="1441151880758558720"/><line number="151" hits="2882303761517117440"/><line number="152" hits="2882303761517117440"/><line number="153" hits="1441151880758558720"/></lines></class><class name="q6_k" filename="src\core\dequant\q6_k.rs" line-rate="0.9818181818181818" branch-rate="0" complexity="0"><methods/><lines><line number="14" hits="288230376151711744"/><line number="19" hits="1152921504606846976"/><line number="22" hits="576460752303423488"/><line number="23" hits="576460752303423488"/><line number="24" hits="1152921504606846976"/><line number="27" hits="576460752303423488"/><line number="28" hits="864691128455135232"/><line number="31" hits="576460752303423488"/><line number="32" hits="216172782113783808"/><line number="33" hits="216172782113783814"/><line number="34" hits="72057594037927936"/><line number="35" hits="72057594037927936"/><line number="36" hits="216172782113783808"/><line number="37" hits="144115188075855872"/><line number="38" hits="144115188075855872"/><line number="39" hits="144115188075855872"/><line number="40" hits="72057594037927936"/><line number="44" hits="648518346341351424"/><line number="46" hits="792633534417207296"/><line number="47" hits="1152921504606846976"/><line number="48" hits="1441151880758558720"/><line number="51" hits="1152921504606846976"/><line number="54" hits="1729382256910270464"/><line number="55" hits="864691128455135232"/><line number="59" hits="432345564227567616"/><line number="60" hits="648518346341351424"/><line number="72" hits="432345564227567616"/><line number="73" hits="864691128455135232"/><line number="76" hits="864691128455135232"/><line number="77" hits="864691128455135232"/><line number="78" hits="864691128455135232"/><line number="79" hits="864691128455135232"/><line number="82" hits="1729382256910270464"/><line number="86" hits="1297036692682702848"/><line number="87" hits="1729382256910270464"/><line number="88" hits="1729382256910270464"/><line number="89" hits="1729382256910270464"/><line number="90" hits="1729382256910270464"/><line number="93" hits="864691128455135232"/><line number="95" hits="9223372036854775808"/><line number="101" hits="9223372036854775808"/><line number="102" hits="9223372036854775808"/><line number="105" hits="9223372036854775808"/><line number="108" hits="9223372036854775808"/><line number="111" hits="9223372036854775808"/><line number="114" hits="9223372036854775808"/><line number="117" hits="9223372036854775808"/><line number="118" hits="9223372036854775808"/><line number="119" hits="9223372036854775808"/><line number="120" hits="9223372036854775808"/><line number="123" hits="9223372036854775808"/><line number="124" hits="9223372036854775808"/><line number="125" hits="9223372036854775808"/><line number="126" hits="0"/><line number="130" hits="432345564227567616"/></lines></class><class name="q8_0" filename="src\core\dequant\q8_0.rs" line-rate="0.9565217391304348" branch-rate="0" complexity="0"><methods/><lines><line number="15" hits="360287970189639680"/><line number="20" hits="1441151880758558720"/><line number="22" hits="720575940379279360"/><line number="23" hits="720575940379279360"/><line number="24" hits="1441151880758558720"/><line number="26" hits="720575940379279360"/><line number="27" hits="1080863910568919040"/><line number="29" hits="720575940379279360"/><line number="30" hits="72057594037927936"/><line number="31" hits="72057594037927936"/><line number="35" hits="864691128455135232"/><line number="37" hits="648518346341351424"/><line number="38" hits="1080863910568919040"/><line number="41" hits="1080863910568919040"/><line number="42" hits="1441151880758558720"/><line number="45" hits="720575940379279360"/><line number="46" hits="11889503016258109440"/><line number="47" hits="11529215046068469760"/><line number="48" hits="0"/><line number="50" hits="16140901064495857664"/><line number="51" hits="16140901064495857664"/><line number="55" hits="864691128455135232"/><line number="56" hits="1152921504606846976"/></lines></class></classes></package><package name="src" line-rate="0.3599699398797595" branch-rate="0" complexity="0"><classes><class name="adapter" filename="src\adapter.rs" line-rate="1" branch-rate="0" complexity="0"><methods/><lines><line number="13" hits="144115188075855872"/><line number="15" hits="288230376151711744"/><line number="16" hits="432345564227567616"/><line number="21" hits="144115188075855872"/><line number="22" hits="216172782113783808"/><line number="24" hits="288230376151711744"/><line number="26" hits="144115188075855872"/></lines></class><class name="control" filename="src\control.rs" line-rate="0.75" branch-rate="0" complexity="0"><methods/><lines><line number="58" hits="0"/><line number="59" hits="0"/><line number="71" hits="216172782113783808"/><line number="72" hits="648518346341351424"/><line number="73" hits="864691128455135232"/><line number="74" hits="288230376151711744"/><line number="75" hits="288230376151711744"/><line number="78" hits="72057594037927936"/></lines></class><class name="debug_trace" filename="src\debug_trace.rs" line-rate="1" branch-rate="0" complexity="0"><methods/><lines><line number="15" hits="1513209474796486656"/><line number="16" hits="3026418949592973312"/><line number="17" hits="144115188075855872"/><line number="18" hits="144115188075855872"/><line number="19" hits="144115188075855872"/><line number="20" hits="144115188075855872"/><line number="21" hits="144115188075855872"/><line number="22" hits="144115188075855872"/><line number="23" hits="144115188075855872"/><line number="27" hits="2738188573441261568"/><line number="28" hits="2738188573441261568"/><line number="29" hits="4107282860161892352"/><line number="30" hits="4107282860161892352"/><line number="31" hits="9151314442816847872"/><line number="32" hits="2449958197289549824"/><line number="33" hits="2449958197289549824"/><line number="34" hits="7782220156096217088"/><line number="35" hits="2449958197289549824"/><line number="37" hits="4107282860161892352"/><line number="38" hits="2738188573441261568"/><line number="39" hits="1369094286720630784"/><line number="40" hits="14483576401623515136"/><line number="41" hits="7782220156096217088"/><line number="42" hits="13114482114902884352"/><line number="44" hits="1369094286720630784"/><line number="45" hits="1369094286720630784"/><line number="51" hits="4107282860161892352"/><line number="53" hits="5476377146882523136"/><line number="66" hits="216172782113783808"/><line number="68" hits="432345564227567616"/><line number="69" hits="720575940379279360"/><line number="96" hits="504403158265495552"/><line number="97" hits="3530822107858468864"/><line number="98" hits="4251398048237748224"/><line number="99" hits="504403158265495552"/><line number="101" hits="1008806316530991104"/><line number="102" hits="504403158265495552"/><line number="103" hits="792633534417207296"/><line number="104" hits="792633534417207296"/><line number="105" hits="1585267068834414592"/></lines></class><class name="fse_control" filename="src\fse_control.rs" line-rate="1" branch-rate="0" complexity="0"><methods/><lines><line number="48" hits="432345564227567616"/><line number="49" hits="1297036692682702848"/><line number="50" hits="864691128455135232"/><line number="52" hits="432345564227567616"/><line number="53" hits="432345564227567616"/><line number="54" hits="864691128455135232"/><line number="55" hits="864691128455135232"/><line number="56" hits="432345564227567616"/><line number="64" hits="72057594037927936"/><line number="65" hits="144115188075855872"/><line number="66" hits="72057594037927936"/><line number="68" hits="72057594037927936"/><line number="69" hits="216172782113783808"/><line number="70" hits="144115188075855872"/><line number="71" hits="72057594037927936"/><line number="81" hits="648518346341351424"/><line number="82" hits="1945555039024054272"/><line number="83" hits="2594073385365405696"/><line number="84" hits="1297036692682702848"/><line number="86" hits="1297036692682702848"/><line number="87" hits="144115188075855872"/><line number="90" hits="2017612633061982208"/><line number="91" hits="1513209474796486656"/><line number="93" hits="576460752303423488"/><line number="94" hits="288230376151711744"/><line number="96" hits="432345564227567616"/></lines></class><class name="grammar" filename="src\grammar.rs" line-rate="0" branch-rate="0" complexity="0"><methods/><lines><line number="20" hits="0"/><line number="21" hits="0"/><line number="26" hits="0"/><line number="27" hits="0"/><line number="28" hits="0"/><line number="29" hits="0"/><line number="30" hits="0"/><line number="31" hits="0"/><line number="32" hits="0"/><line number="41" hits="0"/><line number="51" hits="0"/><line number="52" hits="0"/><line number="55" hits="0"/><line number="56" hits="0"/><line number="59" hits="0"/><line number="60" hits="0"/><line number="61" hits="0"/><line number="62" hits="0"/><line number="63" hits="0"/><line number="67" hits="0"/><line number="68" hits="0"/><line number="69" hits="0"/><line number="70" hits="0"/><line number="71" hits="0"/><line number="73" hits="0"/><line number="74" hits="0"/><line number="75" hits="0"/><line number="76" hits="0"/><line number="77" hits="0"/><line number="80" hits="0"/><line number="81" hits="0"/><line number="82" hits="0"/><line number="84" hits="0"/><line number="85" hits="0"/><line number="86" hits="0"/><line number="93" hits="0"/><line number="94" hits="0"/><line number="97" hits="0"/></lines></class><class name="invariant_ppt" filename="src\invariant_ppt.rs" line-rate="0.5921052631578947" branch-rate="0" complexity="0"><methods/><lines><line number="35" hits="504403158265495552"/><line number="36" hits="1008806316530991104"/><line number="37" hits="864691128455135232"/><line number="38" hits="144115188075855872"/><line number="42" hits="1513209474796486656"/><line number="43" hits="1513209474796486656"/><line number="47" hits="504403158265495552"/><line number="48" hits="216172782113783808"/><line number="49" hits="216172782113783808"/><line number="51" hits="72057594037927936"/><line number="59" hits="72057594037927936"/><line number="63" hits="72057594037927936"/><line number="65" hits="792633534417207296"/><line number="66" hits="720575940379279360"/><line number="67" hits="720575940379279360"/><line number="68" hits="0"/><line number="72" hits="72057594037927936"/><line number="79" hits="72057594037927936"/><line number="80" hits="72057594037927936"/><line number="82" hits="144115188075855872"/><line number="84" hits="72057594037927936"/><line number="86" hits="144115188075855872"/><line number="87" hits="144115188075855872"/><line number="88" hits="360287970189639680"/><line number="89" hits="0"/><line number="93" hits="72057594037927936"/><line number="94" hits="0"/><line number="100" hits="72057594037927936"/><line number="110" hits="0"/><line number="114" hits="0"/><line number="115" hits="0"/><line number="116" hits="0"/><line number="117" hits="0"/><line number="118" hits="0"/><line number="123" hits="864691128455135232"/><line number="124" hits="1729382256910270464"/><line number="126" hits="864691128455135232"/><line number="127" hits="864691128455135232"/><line number="128" hits="1729382256910270464"/><line number="130" hits="864691128455135232"/><line number="131" hits="864691128455135232"/><line number="135" hits="72057594037927936"/><line number="136" hits="144115188075855872"/><line number="138" hits="72057594037927936"/><line number="139" hits="216172782113783808"/><line number="144" hits="0"/><line number="145" hits="0"/><line number="147" hits="0"/><line number="148" hits="0"/><line number="169" hits="144115188075855872"/><line number="171" hits="144115188075855872"/><line number="173" hits="144115188075855872"/><line number="178" hits="72057594037927936"/><line number="180" hits="144115188075855872"/><line number="182" hits="72057594037927936"/><line number="187" hits="72057594037927936"/><line number="189" hits="216172782113783808"/><line number="192" hits="72057594037927936"/><line number="197" hits="0"/><line number="199" hits="0"/><line number="201" hits="0"/><line number="208" hits="0"/><line number="210" hits="0"/><line number="212" hits="0"/><line number="215" hits="0"/><line number="217" hits="0"/><line number="224" hits="0"/><line number="226" hits="0"/><line number="228" hits="0"/><line number="235" hits="0"/><line number="236" hits="0"/><line number="237" hits="0"/><line number="243" hits="0"/><line number="244" hits="0"/><line number="245" hits="0"/><line number="246" hits="0"/></lines></class><class name="math_bypass_control" filename="src\math_bypass_control.rs" line-rate="0.5490196078431373" branch-rate="0" complexity="0"><methods/><lines><line number="47" hits="0"/><line number="48" hits="0"/><line number="49" hits="0"/><line number="50" hits="0"/><line number="51" hits="0"/><line number="52" hits="0"/><line number="53" hits="0"/><line number="57" hits="0"/><line number="59" hits="0"/><line number="64" hits="0"/><line number="65" hits="0"/><line number="70" hits="0"/><line number="71" hits="0"/><line number="72" hits="0"/><line number="74" hits="0"/><line number="75" hits="0"/><line number="77" hits="0"/><line number="79" hits="0"/><line number="88" hits="1008806316530991104"/><line number="89" hits="3026418949592973312"/><line number="95" hits="2017612633061982208"/><line number="96" hits="216172782113783808"/><line number="97" hits="432345564227567616"/><line number="98" hits="0"/><line number="99" hits="0"/><line number="100" hits="648518346341351424"/><line number="101" hits="432345564227567616"/><line number="102" hits="432345564227567616"/><line number="103" hits="216172782113783808"/><line number="104" hits="216172782113783808"/><line number="107" hits="13690942867206307840"/><line number="108" hits="13546827679130451968"/><line number="109" hits="1729382256910270464"/><line number="110" hits="3458764513820540928"/><line number="111" hits="5188146770730811392"/><line number="112" hits="2522015791327477760"/><line number="113" hits="792633534417207296"/><line number="118" hits="216172782113783808"/><line number="122" hits="864691128455135232"/><line number="123" hits="2594073385365405696"/><line number="126" hits="4323455642275676160"/><line number="127" hits="6485183463413514240"/><line number="132" hits="1729382256910270464"/><line number="136" hits="864691128455135232"/><line number="137" hits="6052837899185946624"/><line number="138" hits="2594073385365405696"/><line number="140" hits="5188146770730811392"/><line number="142" hits="1729382256910270464"/><line number="149" hits="0"/><line number="150" hits="0"/><line number="151" hits="0"/></lines></class><class name="schoolmarm_control" filename="src\schoolmarm_control.rs" line-rate="0.9333333333333333" branch-rate="0" complexity="0"><methods/><lines><line number="13" hits="432345564227567616"/><line number="14" hits="432345564227567616"/><line number="15" hits="1297036692682702848"/><line number="16" hits="432345564227567616"/><line number="17" hits="1297036692682702848"/><line number="18" hits="432345564227567616"/><line number="25" hits="0"/><line number="31" hits="432345564227567616"/><line number="32" hits="1297036692682702848"/><line number="33" hits="1297036692682702848"/><line number="34" hits="936748722493063168"/><line number="35" hits="72057594037927936"/><line number="36" hits="360287970189639680"/><line number="37" hits="216172782113783808"/><line number="39" hits="144115188075855872"/></lines></class></classes></package><package name="crates\console\target\debug\build\libsqlite3-sys-5c877fe885c246ad\out" line-rate="0" branch-rate="0" complexity="0"><classes></classes></package><package name="crates\console\target\debug\build\serde_core-d5c4dc51bbbb4d97\out" line-rate="0" branch-rate="0" complexity="0"><classes></classes></package><package name="crates\console\src\tools" line-rate="0" branch-rate="0" complexity="0"><classes><class name="mod" filename="crates\console\src\tools\mod.rs" line-rate="0" branch-rate="0" complexity="0"><methods/><lines><line number="88" hits="0"/><line number="91" hits="0"/><line number="97" hits="0"/><line number="100" hits="0"/><line number="101" hits="0"/><line number="106" hits="0"/><line number="109" hits="0"/><line number="159" hits="0"/><line number="160" hits="0"/><line number="161" hits="0"/><line number="162" hits="0"/><line number="163" hits="0"/><line number="168" hits="0"/><line number="169" hits="0"/></lines></class></classes></package></packages></coverage>